2017-09-11 13:00:33 Notice: Notice (8): Undefined variable: sitename in [/app/app/views/themed/factory/layouts/default.ctp, line 31]
2017-09-11 13:00:33 Notice: Notice (8): Undefined variable: widget_categories_vouchers_deals_data in [/app/app/views/themed/factory/elements/widget-categories-vouchers-deals.ctp, line 9]
2017-09-11 13:00:33 Notice: Notice (8): Undefined variable: widget_categories_vouchers_deals_data in [/app/app/views/themed/factory/elements/widget-categories-vouchers-deals.ctp, line 37]
2017-09-11 13:00:33 Notice: Notice (8): Undefined variable: index_page_top_cod_data in [/app/app/views/themed/factory/elements/widget-vouchers-top.ctp, line 13]
2017-09-11 13:00:33 Notice: Notice (8): Undefined variable: widget_merchants_most_popular_data in [/app/app/views/themed/factory/elements/widget-merchants-most-popular.ctp, line 13]
2017-09-11 13:00:33 Notice: Notice (8): Undefined variable: widget_merchants_top_data in [/app/app/views/themed/factory/elements/widget-merchants-top.ctp, line 13]
2017-09-11 13:00:33 Notice: Notice (8): Undefined variable: footer_recent_merchants in [/app/app/views/themed/factory/elements/widget-footer.ctp, line 26]
2017-09-11 13:00:34 Notice: Notice (8): Undefined variable: footer_recent_categories in [/app/app/views/themed/factory/elements/widget-footer.ctp, line 46]
2017-09-11 13:00:34 Notice: Notice (8): Undefined variable: sitename in [/app/app/views/themed/factory/elements/widget-footer.ctp, line 61]
2017-09-11 13:00:34 Notice: Notice (8): Undefined variable: sitename in [/app/app/views/themed/factory/elements/widget-footer.ctp, line 165]
2017-09-11 13:00:57 Notice: Notice (8): Undefined variable: sitename in [/app/app/views/themed/factory/layouts/default.ctp, line 31]
2017-09-11 13:00:57 Notice: Notice (8): Undefined variable: widget_categories_vouchers_deals_data in [/app/app/views/themed/factory/elements/widget-categories-vouchers-deals.ctp, line 9]
2017-09-11 13:00:57 Notice: Notice (8): Undefined variable: widget_categories_vouchers_deals_data in [/app/app/views/themed/factory/elements/widget-categories-vouchers-deals.ctp, line 37]
2017-09-11 13:00:57 Notice: Notice (8): Undefined variable: index_page_top_cod_data in [/app/app/views/themed/factory/elements/widget-vouchers-top.ctp, line 13]
2017-09-11 13:00:57 Notice: Notice (8): Undefined variable: widget_merchants_most_popular_data in [/app/app/views/themed/factory/elements/widget-merchants-most-popular.ctp, line 13]
2017-09-11 13:00:57 Notice: Notice (8): Undefined variable: widget_merchants_top_data in [/app/app/views/themed/factory/elements/widget-merchants-top.ctp, line 13]
2017-09-11 13:00:57 Notice: Notice (8): Undefined variable: footer_recent_merchants in [/app/app/views/themed/factory/elements/widget-footer.ctp, line 26]
2017-09-11 13:00:58 Notice: Notice (8): Undefined variable: footer_recent_categories in [/app/app/views/themed/factory/elements/widget-footer.ctp, line 46]
2017-09-11 13:00:58 Notice: Notice (8): Undefined variable: sitename in [/app/app/views/themed/factory/elements/widget-footer.ctp, line 61]
2017-09-11 13:00:58 Notice: Notice (8): Undefined variable: sitename in [/app/app/views/themed/factory/elements/widget-footer.ctp, line 165]
2017-09-11 13:13:09 Notice: Notice (8): Undefined variable: sitename in [/app/app/views/themed/factory/layouts/default.ctp, line 31]
2017-09-11 13:13:09 Notice: Notice (8): Undefined variable: widget_categories_vouchers_deals_data in [/app/app/views/themed/factory/elements/widget-categories-vouchers-deals.ctp, line 9]
2017-09-11 13:13:09 Notice: Notice (8): Undefined variable: widget_categories_vouchers_deals_data in [/app/app/views/themed/factory/elements/widget-categories-vouchers-deals.ctp, line 37]
2017-09-11 13:13:10 Notice: Notice (8): Undefined variable: index_page_top_cod_data in [/app/app/views/themed/factory/elements/widget-vouchers-top.ctp, line 13]
2017-09-11 13:13:10 Notice: Notice (8): Undefined variable: widget_merchants_most_popular_data in [/app/app/views/themed/factory/elements/widget-merchants-most-popular.ctp, line 13]
2017-09-11 13:13:10 Notice: Notice (8): Undefined variable: widget_merchants_top_data in [/app/app/views/themed/factory/elements/widget-merchants-top.ctp, line 13]
2017-09-11 13:13:10 Notice: Notice (8): Undefined variable: footer_recent_merchants in [/app/app/views/themed/factory/elements/widget-footer.ctp, line 26]
2017-09-11 13:13:10 Notice: Notice (8): Undefined variable: footer_recent_categories in [/app/app/views/themed/factory/elements/widget-footer.ctp, line 46]
2017-09-11 13:13:10 Notice: Notice (8): Undefined variable: sitename in [/app/app/views/themed/factory/elements/widget-footer.ctp, line 61]
2017-09-11 13:13:10 Notice: Notice (8): Undefined variable: sitename in [/app/app/views/themed/factory/elements/widget-footer.ctp, line 165]
2017-09-11 13:13:12 Notice: Notice (8): Undefined variable: sitename in [/app/app/views/themed/factory/layouts/default.ctp, line 31]
2017-09-11 13:13:12 Notice: Notice (8): Undefined variable: widget_categories_vouchers_deals_data in [/app/app/views/themed/factory/elements/widget-categories-vouchers-deals.ctp, line 9]
2017-09-11 13:13:12 Notice: Notice (8): Undefined variable: widget_categories_vouchers_deals_data in [/app/app/views/themed/factory/elements/widget-categories-vouchers-deals.ctp, line 37]
2017-09-11 13:13:12 Notice: Notice (8): Undefined variable: index_page_top_cod_data in [/app/app/views/themed/factory/elements/widget-vouchers-top.ctp, line 13]
2017-09-11 13:13:12 Notice: Notice (8): Undefined variable: widget_merchants_most_popular_data in [/app/app/views/themed/factory/elements/widget-merchants-most-popular.ctp, line 13]
2017-09-11 13:13:12 Notice: Notice (8): Undefined variable: widget_merchants_top_data in [/app/app/views/themed/factory/elements/widget-merchants-top.ctp, line 13]
2017-09-11 13:13:12 Notice: Notice (8): Undefined variable: footer_recent_merchants in [/app/app/views/themed/factory/elements/widget-footer.ctp, line 26]
2017-09-11 13:13:12 Notice: Notice (8): Undefined variable: footer_recent_categories in [/app/app/views/themed/factory/elements/widget-footer.ctp, line 46]
2017-09-11 13:13:12 Notice: Notice (8): Undefined variable: sitename in [/app/app/views/themed/factory/elements/widget-footer.ctp, line 61]
2017-09-11 13:13:12 Notice: Notice (8): Undefined variable: sitename in [/app/app/views/themed/factory/elements/widget-footer.ctp, line 165]
2017-09-11 14:07:19 Notice: Notice (8): Undefined variable: sitename in [/app/app/views/themed/factory/layouts/default.ctp, line 31]
2017-09-11 14:07:19 Notice: Notice (8): Undefined variable: widget_categories_vouchers_deals_data in [/app/app/views/themed/factory/elements/widget-categories-vouchers-deals.ctp, line 9]
2017-09-11 14:07:19 Notice: Notice (8): Undefined variable: widget_categories_vouchers_deals_data in [/app/app/views/themed/factory/elements/widget-categories-vouchers-deals.ctp, line 37]
2017-09-11 14:07:19 Notice: Notice (8): Undefined variable: index_page_top_cod_data in [/app/app/views/themed/factory/elements/widget-vouchers-top.ctp, line 13]
2017-09-11 14:07:19 Notice: Notice (8): Undefined variable: widget_merchants_most_popular_data in [/app/app/views/themed/factory/elements/widget-merchants-most-popular.ctp, line 13]
2017-09-11 14:07:19 Notice: Notice (8): Undefined variable: widget_merchants_top_data in [/app/app/views/themed/factory/elements/widget-merchants-top.ctp, line 13]
2017-09-11 14:07:19 Notice: Notice (8): Undefined variable: footer_recent_merchants in [/app/app/views/themed/factory/elements/widget-footer.ctp, line 26]
2017-09-11 14:07:19 Notice: Notice (8): Undefined variable: footer_recent_categories in [/app/app/views/themed/factory/elements/widget-footer.ctp, line 46]
2017-09-11 14:07:19 Notice: Notice (8): Undefined variable: sitename in [/app/app/views/themed/factory/elements/widget-footer.ctp, line 61]
2017-09-11 14:07:19 Notice: Notice (8): Undefined variable: sitename in [/app/app/views/themed/factory/elements/widget-footer.ctp, line 165]
