2017-09-11 12:09:36 Warning: Warning (2): mysql_connect(): Access denied for user 'www-data'@'localhost' (using password: NO) in [/app/cake/libs/model/datasources/dbo/dbo_mysql.php, line 561]
2017-09-11 12:09:36 Warning: Warning (2): mysql_query() expects parameter 2 to be resource, boolean given in [/app/cake/libs/model/datasources/dbo/dbo_mysql.php, line 613]
2017-09-11 12:09:36 Warning: Warning (2): mysql_query() expects parameter 2 to be resource, boolean given in [/app/cake/libs/model/datasources/dbo/dbo_mysql.php, line 613]
2017-09-11 12:09:38 Warning: Warning (2): mysql_connect(): Access denied for user 'www-data'@'localhost' (using password: NO) in [/app/cake/libs/model/datasources/dbo/dbo_mysql.php, line 561]
2017-09-11 12:09:38 Warning: Warning (2): mysql_query() expects parameter 2 to be resource, boolean given in [/app/cake/libs/model/datasources/dbo/dbo_mysql.php, line 613]
2017-09-11 12:11:06 Warning: Warning (2): mysql_connect(): Access denied for user 'www-data'@'localhost' (using password: NO) in [/app/cake/libs/model/datasources/dbo/dbo_mysql.php, line 561]
2017-09-11 12:11:06 Warning: Warning (2): mysql_query() expects parameter 2 to be resource, boolean given in [/app/cake/libs/model/datasources/dbo/dbo_mysql.php, line 613]
2017-09-11 12:11:06 Warning: Warning (2): mysql_query() expects parameter 2 to be resource, boolean given in [/app/cake/libs/model/datasources/dbo/dbo_mysql.php, line 613]
2017-09-11 12:11:19 Warning: Warning (2): mysql_connect(): Access denied for user 'www-data'@'localhost' (using password: NO) in [/app/cake/libs/model/datasources/dbo/dbo_mysql.php, line 561]
2017-09-11 12:11:19 Warning: Warning (2): mysql_query() expects parameter 2 to be resource, boolean given in [/app/cake/libs/model/datasources/dbo/dbo_mysql.php, line 613]
2017-09-11 13:00:33 Warning: Warning (2): Invalid argument supplied for foreach() in [/app/app/views/themed/factory/elements/widget-vouchers-top.ctp, line 13]
2017-09-11 13:00:33 Warning: Warning (2): Invalid argument supplied for foreach() in [/app/app/views/themed/factory/elements/widget-merchants-most-popular.ctp, line 13]
2017-09-11 13:00:33 Warning: Warning (2): Invalid argument supplied for foreach() in [/app/app/views/themed/factory/elements/widget-merchants-top.ctp, line 13]
2017-09-11 13:00:34 Warning: Warning (2): Invalid argument supplied for foreach() in [/app/app/views/themed/factory/elements/widget-footer.ctp, line 26]
2017-09-11 13:00:34 Warning: Warning (2): Invalid argument supplied for foreach() in [/app/app/views/themed/factory/elements/widget-footer.ctp, line 46]
2017-09-11 13:00:57 Warning: Warning (2): Invalid argument supplied for foreach() in [/app/app/views/themed/factory/elements/widget-vouchers-top.ctp, line 13]
2017-09-11 13:00:57 Warning: Warning (2): Invalid argument supplied for foreach() in [/app/app/views/themed/factory/elements/widget-merchants-most-popular.ctp, line 13]
2017-09-11 13:00:57 Warning: Warning (2): Invalid argument supplied for foreach() in [/app/app/views/themed/factory/elements/widget-merchants-top.ctp, line 13]
2017-09-11 13:00:57 Warning: Warning (2): Invalid argument supplied for foreach() in [/app/app/views/themed/factory/elements/widget-footer.ctp, line 26]
2017-09-11 13:00:58 Warning: Warning (2): Invalid argument supplied for foreach() in [/app/app/views/themed/factory/elements/widget-footer.ctp, line 46]
2017-09-11 13:13:10 Warning: Warning (2): Invalid argument supplied for foreach() in [/app/app/views/themed/factory/elements/widget-vouchers-top.ctp, line 13]
2017-09-11 13:13:10 Warning: Warning (2): Invalid argument supplied for foreach() in [/app/app/views/themed/factory/elements/widget-merchants-most-popular.ctp, line 13]
2017-09-11 13:13:10 Warning: Warning (2): Invalid argument supplied for foreach() in [/app/app/views/themed/factory/elements/widget-merchants-top.ctp, line 13]
2017-09-11 13:13:10 Warning: Warning (2): Invalid argument supplied for foreach() in [/app/app/views/themed/factory/elements/widget-footer.ctp, line 26]
2017-09-11 13:13:10 Warning: Warning (2): Invalid argument supplied for foreach() in [/app/app/views/themed/factory/elements/widget-footer.ctp, line 46]
2017-09-11 13:13:12 Warning: Warning (2): Invalid argument supplied for foreach() in [/app/app/views/themed/factory/elements/widget-vouchers-top.ctp, line 13]
2017-09-11 13:13:12 Warning: Warning (2): Invalid argument supplied for foreach() in [/app/app/views/themed/factory/elements/widget-merchants-most-popular.ctp, line 13]
2017-09-11 13:13:12 Warning: Warning (2): Invalid argument supplied for foreach() in [/app/app/views/themed/factory/elements/widget-merchants-top.ctp, line 13]
2017-09-11 13:13:12 Warning: Warning (2): Invalid argument supplied for foreach() in [/app/app/views/themed/factory/elements/widget-footer.ctp, line 26]
2017-09-11 13:13:12 Warning: Warning (2): Invalid argument supplied for foreach() in [/app/app/views/themed/factory/elements/widget-footer.ctp, line 46]
2017-09-11 14:06:59 Warning: Warning (2): mysql_connect(): Access denied for user 'www-data'@'localhost' (using password: NO) in [/app/cake/libs/model/datasources/dbo/dbo_mysql.php, line 561]
2017-09-11 14:06:59 Warning: Warning (2): mysql_query() expects parameter 2 to be resource, boolean given in [/app/cake/libs/model/datasources/dbo/dbo_mysql.php, line 613]
2017-09-11 14:06:59 Warning: Warning (2): mysql_query() expects parameter 2 to be resource, boolean given in [/app/cake/libs/model/datasources/dbo/dbo_mysql.php, line 613]
2017-09-11 14:07:19 Warning: Warning (2): mysql_connect() [<a href='http://php.net/function.mysql-connect'>function.mysql-connect</a>]: Access denied for user 'www-data'@'localhost' (using password: NO) in [/app/cake/libs/model/datasources/dbo/dbo_mysql.php, line 561]
2017-09-11 14:07:19 Warning: Warning (2): mysql_query() expects parameter 2 to be resource, boolean given in [/app/cake/libs/model/datasources/dbo/dbo_mysql.php, line 613]
2017-09-11 14:07:19 Warning: Warning (2): Cannot modify header information - headers already sent by (output started at /app/cake/libs/debugger.php:686) in [/app/cake/libs/controller/controller.php, line 742]
2017-09-11 14:07:19 Warning: Warning (2): Invalid argument supplied for foreach() in [/app/app/views/themed/factory/elements/widget-vouchers-top.ctp, line 13]
2017-09-11 14:07:19 Warning: Warning (2): Invalid argument supplied for foreach() in [/app/app/views/themed/factory/elements/widget-merchants-most-popular.ctp, line 13]
2017-09-11 14:07:19 Warning: Warning (2): Invalid argument supplied for foreach() in [/app/app/views/themed/factory/elements/widget-merchants-top.ctp, line 13]
2017-09-11 14:07:19 Warning: Warning (2): Invalid argument supplied for foreach() in [/app/app/views/themed/factory/elements/widget-footer.ctp, line 26]
2017-09-11 14:07:19 Warning: Warning (2): Invalid argument supplied for foreach() in [/app/app/views/themed/factory/elements/widget-footer.ctp, line 46]
2017-09-11 14:08:28 Warning: Warning (2): mysql_connect(): Access denied for user 'www-data'@'localhost' (using password: NO) in [/app/cake/libs/model/datasources/dbo/dbo_mysql.php, line 561]
2017-09-11 14:08:28 Warning: Warning (2): mysql_query() expects parameter 2 to be resource, boolean given in [/app/cake/libs/model/datasources/dbo/dbo_mysql.php, line 613]
2017-09-11 14:08:28 Warning: Warning (2): mysql_query() expects parameter 2 to be resource, boolean given in [/app/cake/libs/model/datasources/dbo/dbo_mysql.php, line 613]
